2025-02-24 20:13:33,917 - __main__ - INFO - ==================================================
2025-02-24 20:13:33,918 - __main__ - INFO - Starting Shanduko Water Quality Monitoring System
2025-02-24 20:13:33,918 - __main__ - INFO - ==================================================
2025-02-24 20:13:41,066 - __main__ - INFO - All required packages are installed.
2025-02-24 20:13:41,067 - __main__ - INFO - Initializing model...
2025-02-24 20:13:43,791 - __main__ - INFO - Model initialized: Initializing baseline water quality prediction model...
Model saved successfully to checkpoints\best_model.pth
Baseline model created at: checkpoints\best_model.pth
Now you can run the application without model loading errors.
2025-02-24 20:13:43,792 - __main__ - INFO - Initializing database...
2025-02-24 20:13:46,121 - __main__ - INFO - Database initialized.
2025-02-24 20:13:46,122 - __main__ - INFO - Starting Shanduko water quality monitoring application...
2025-02-24 20:13:46,122 - __main__ - INFO - Executing: C:\Users\PD\Documents\Shanduko\venv\Scripts\python.exe C:\Users\PD\Documents\Shanduko\run.py
2025-02-24 23:22:39,015 - __main__ - INFO - ==================================================
2025-02-24 23:22:39,016 - __main__ - INFO - Starting Shanduko Water Quality Monitoring System
2025-02-24 23:22:39,016 - __main__ - INFO - ==================================================
2025-02-24 23:22:41,994 - __main__ - INFO - All required packages are installed.
2025-02-24 23:22:41,994 - __main__ - INFO - Initializing model...
2025-02-24 23:22:44,635 - __main__ - INFO - Model initialized: Initializing baseline water quality prediction model...
Model saved successfully to checkpoints\best_model.pth
Baseline model created at: checkpoints\best_model.pth
Now you can run the application without model loading errors.
2025-02-24 23:22:44,637 - __main__ - INFO - Initializing database...
2025-02-24 23:22:44,991 - src.shanduko.database.database - INFO - Database tables created successfully
2025-02-24 23:22:44,996 - __main__ - INFO - Database initialized.
2025-02-24 23:22:44,996 - __main__ - INFO - Starting Shanduko water quality monitoring application...
2025-02-24 23:22:44,997 - __main__ - INFO - Executing: C:\Users\PD\Documents\Shanduko\venv\Scripts\python.exe C:\Users\PD\Documents\Shanduko\run.py
2025-03-06 08:57:21,640 - __main__ - INFO - ==================================================
2025-03-06 08:57:21,642 - __main__ - INFO - Starting Shanduko Water Quality Monitoring System
2025-03-06 08:57:21,643 - __main__ - INFO - ==================================================
2025-03-06 08:57:33,994 - __main__ - INFO - All required packages are installed.
2025-03-06 08:57:33,995 - __main__ - INFO - Initializing model...
2025-03-06 08:57:33,997 - __main__ - INFO - Model file already exists at C:\Users\PD\Documents\Shanduko\checkpoints\best_model.pth
2025-03-06 08:57:33,998 - __main__ - INFO - Initializing database...
2025-03-06 08:57:35,225 - src.shanduko.database.database - INFO - Database tables created successfully
2025-03-06 08:57:35,235 - __main__ - INFO - Database initialized.
2025-03-06 08:57:35,236 - __main__ - INFO - Starting Shanduko water quality monitoring application...
2025-03-06 08:57:35,237 - __main__ - INFO - Executing: C:\Users\PD\Documents\Shanduko\venv\Scripts\python.exe C:\Users\PD\Documents\Shanduko\run.py --test
2025-03-06 08:57:35,382 - __main__ - INFO - ==================================================
2025-03-06 08:57:35,383 - __main__ - INFO - Starting Shanduko Water Quality Monitoring System
2025-03-06 08:57:35,383 - __main__ - INFO - ==================================================
2025-03-06 08:57:39,437 - __main__ - INFO - All required packages are installed.
2025-03-06 08:57:39,437 - __main__ - INFO - Initializing model...
2025-03-06 08:57:39,438 - __main__ - INFO - Model file already exists at C:\Users\PD\Documents\Shanduko\checkpoints\best_model.pth
2025-03-06 08:57:39,439 - __main__ - INFO - Initializing database...
2025-03-06 08:57:40,078 - src.shanduko.database.database - INFO - Database tables created successfully
2025-03-06 08:57:40,091 - __main__ - INFO - Database initialized.
2025-03-06 08:57:40,092 - __main__ - INFO - Starting Shanduko water quality monitoring application...
2025-03-06 08:57:40,093 - __main__ - INFO - Executing: C:\Users\PD\Documents\Shanduko\venv\Scripts\python.exe C:\Users\PD\Documents\Shanduko\run.py --test
2025-03-06 08:57:40,255 - __main__ - INFO - ==================================================
2025-03-06 08:57:40,256 - __main__ - INFO - Starting Shanduko Water Quality Monitoring System
2025-03-06 08:57:40,257 - __main__ - INFO - ==================================================
2025-03-06 08:57:42,956 - __main__ - INFO - All required packages are installed.
2025-03-06 08:57:42,957 - __main__ - INFO - Initializing model...
2025-03-06 08:57:42,958 - __main__ - INFO - Model file already exists at C:\Users\PD\Documents\Shanduko\checkpoints\best_model.pth
2025-03-06 08:57:42,958 - __main__ - INFO - Initializing database...
2025-03-06 08:57:43,327 - src.shanduko.database.database - INFO - Database tables created successfully
2025-03-06 08:57:43,335 - __main__ - INFO - Database initialized.
2025-03-06 08:57:43,335 - __main__ - INFO - Starting Shanduko water quality monitoring application...
2025-03-06 08:57:43,335 - __main__ - INFO - Executing: C:\Users\PD\Documents\Shanduko\venv\Scripts\python.exe C:\Users\PD\Documents\Shanduko\run.py --test
2025-03-06 08:57:43,432 - __main__ - INFO - ==================================================
2025-03-06 08:57:43,433 - __main__ - INFO - Starting Shanduko Water Quality Monitoring System
2025-03-06 08:57:43,434 - __main__ - INFO - ==================================================
2025-03-06 08:57:46,071 - __main__ - INFO - All required packages are installed.
2025-03-06 08:57:46,072 - __main__ - INFO - Initializing model...
2025-03-06 08:57:46,072 - __main__ - INFO - Model file already exists at C:\Users\PD\Documents\Shanduko\checkpoints\best_model.pth
2025-03-06 08:57:46,072 - __main__ - INFO - Initializing database...
2025-03-06 08:57:46,500 - src.shanduko.database.database - INFO - Database tables created successfully
2025-03-06 08:57:46,508 - __main__ - INFO - Database initialized.
2025-03-06 08:57:46,509 - __main__ - INFO - Starting Shanduko water quality monitoring application...
2025-03-06 08:57:46,510 - __main__ - INFO - Executing: C:\Users\PD\Documents\Shanduko\venv\Scripts\python.exe C:\Users\PD\Documents\Shanduko\run.py --test
2025-03-06 08:57:46,631 - __main__ - INFO - ==================================================
2025-03-06 08:57:46,632 - __main__ - INFO - Starting Shanduko Water Quality Monitoring System
2025-03-06 08:57:46,633 - __main__ - INFO - ==================================================
2025-03-06 08:57:49,802 - __main__ - INFO - All required packages are installed.
2025-03-06 08:57:49,803 - __main__ - INFO - Initializing model...
2025-03-06 08:57:49,804 - __main__ - INFO - Model file already exists at C:\Users\PD\Documents\Shanduko\checkpoints\best_model.pth
2025-03-06 08:57:49,804 - __main__ - INFO - Initializing database...
2025-03-06 08:57:50,610 - src.shanduko.database.database - INFO - Database tables created successfully
2025-03-06 08:57:50,632 - __main__ - INFO - Database initialized.
2025-03-06 08:57:50,632 - __main__ - INFO - Starting Shanduko water quality monitoring application...
2025-03-06 08:57:50,633 - __main__ - INFO - Executing: C:\Users\PD\Documents\Shanduko\venv\Scripts\python.exe C:\Users\PD\Documents\Shanduko\run.py --test
2025-03-06 08:57:50,836 - __main__ - INFO - ==================================================
2025-03-06 08:57:50,836 - __main__ - INFO - Starting Shanduko Water Quality Monitoring System
2025-03-06 08:57:50,837 - __main__ - INFO - ==================================================
2025-03-06 08:57:54,081 - __main__ - INFO - All required packages are installed.
2025-03-06 08:57:54,081 - __main__ - INFO - Initializing model...
2025-03-06 08:57:54,082 - __main__ - INFO - Model file already exists at C:\Users\PD\Documents\Shanduko\checkpoints\best_model.pth
2025-03-06 08:57:54,082 - __main__ - INFO - Initializing database...
2025-03-06 08:57:54,488 - src.shanduko.database.database - INFO - Database tables created successfully
2025-03-06 08:57:54,499 - __main__ - INFO - Database initialized.
2025-03-06 08:57:54,499 - __main__ - INFO - Starting Shanduko water quality monitoring application...
2025-03-06 08:57:54,500 - __main__ - INFO - Executing: C:\Users\PD\Documents\Shanduko\venv\Scripts\python.exe C:\Users\PD\Documents\Shanduko\run.py --test
2025-03-06 08:57:54,616 - __main__ - INFO - ==================================================
2025-03-06 08:57:54,617 - __main__ - INFO - Starting Shanduko Water Quality Monitoring System
2025-03-06 08:57:54,617 - __main__ - INFO - ==================================================
2025-03-06 08:57:58,518 - __main__ - INFO - All required packages are installed.
2025-03-06 08:57:58,518 - __main__ - INFO - Initializing model...
2025-03-06 08:57:58,519 - __main__ - INFO - Model file already exists at C:\Users\PD\Documents\Shanduko\checkpoints\best_model.pth
2025-03-06 08:57:58,520 - __main__ - INFO - Initializing database...
2025-03-06 08:57:59,153 - src.shanduko.database.database - INFO - Database tables created successfully
2025-03-06 08:57:59,163 - __main__ - INFO - Database initialized.
2025-03-06 08:57:59,164 - __main__ - INFO - Starting Shanduko water quality monitoring application...
2025-03-06 08:57:59,164 - __main__ - INFO - Executing: C:\Users\PD\Documents\Shanduko\venv\Scripts\python.exe C:\Users\PD\Documents\Shanduko\run.py --test
2025-03-06 08:57:59,305 - __main__ - INFO - ==================================================
2025-03-06 08:57:59,306 - __main__ - INFO - Starting Shanduko Water Quality Monitoring System
2025-03-06 08:57:59,306 - __main__ - INFO - ==================================================
2025-03-06 08:58:03,183 - __main__ - INFO - All required packages are installed.
2025-03-06 08:58:03,184 - __main__ - INFO - Initializing model...
2025-03-06 08:58:03,185 - __main__ - INFO - Model file already exists at C:\Users\PD\Documents\Shanduko\checkpoints\best_model.pth
2025-03-06 08:58:03,185 - __main__ - INFO - Initializing database...
2025-03-06 08:58:03,672 - src.shanduko.database.database - INFO - Database tables created successfully
2025-03-06 08:58:03,685 - __main__ - INFO - Database initialized.
2025-03-06 08:58:03,685 - __main__ - INFO - Starting Shanduko water quality monitoring application...
2025-03-06 08:58:03,686 - __main__ - INFO - Executing: C:\Users\PD\Documents\Shanduko\venv\Scripts\python.exe C:\Users\PD\Documents\Shanduko\run.py --test
2025-03-06 08:58:03,820 - __main__ - INFO - ==================================================
2025-03-06 08:58:03,820 - __main__ - INFO - Starting Shanduko Water Quality Monitoring System
2025-03-06 08:58:03,821 - __main__ - INFO - ==================================================
2025-03-06 08:58:07,306 - __main__ - INFO - All required packages are installed.
2025-03-06 08:58:07,307 - __main__ - INFO - Initializing model...
2025-03-06 08:58:07,308 - __main__ - INFO - Model file already exists at C:\Users\PD\Documents\Shanduko\checkpoints\best_model.pth
2025-03-06 08:58:07,308 - __main__ - INFO - Initializing database...
2025-03-06 08:58:07,843 - src.shanduko.database.database - INFO - Database tables created successfully
2025-03-06 08:58:07,856 - __main__ - INFO - Database initialized.
2025-03-06 08:58:07,856 - __main__ - INFO - Starting Shanduko water quality monitoring application...
2025-03-06 08:58:07,857 - __main__ - INFO - Executing: C:\Users\PD\Documents\Shanduko\venv\Scripts\python.exe C:\Users\PD\Documents\Shanduko\run.py --test
2025-03-06 08:58:07,996 - __main__ - INFO - ==================================================
2025-03-06 08:58:07,997 - __main__ - INFO - Starting Shanduko Water Quality Monitoring System
2025-03-06 08:58:07,998 - __main__ - INFO - ==================================================
2025-03-06 08:58:11,846 - __main__ - INFO - All required packages are installed.
2025-03-06 08:58:11,846 - __main__ - INFO - Initializing model...
2025-03-06 08:58:11,847 - __main__ - INFO - Model file already exists at C:\Users\PD\Documents\Shanduko\checkpoints\best_model.pth
2025-03-06 08:58:11,848 - __main__ - INFO - Initializing database...
2025-03-06 08:58:12,429 - src.shanduko.database.database - INFO - Database tables created successfully
2025-03-06 08:58:12,446 - __main__ - INFO - Database initialized.
2025-03-06 08:58:12,447 - __main__ - INFO - Starting Shanduko water quality monitoring application...
2025-03-06 08:58:12,448 - __main__ - INFO - Executing: C:\Users\PD\Documents\Shanduko\venv\Scripts\python.exe C:\Users\PD\Documents\Shanduko\run.py --test
2025-03-06 08:58:12,581 - __main__ - INFO - ==================================================
2025-03-06 08:58:12,582 - __main__ - INFO - Starting Shanduko Water Quality Monitoring System
2025-03-06 08:58:12,582 - __main__ - INFO - ==================================================
2025-03-06 08:58:16,529 - __main__ - INFO - All required packages are installed.
2025-03-06 08:58:16,530 - __main__ - INFO - Initializing model...
2025-03-06 08:58:16,531 - __main__ - INFO - Model file already exists at C:\Users\PD\Documents\Shanduko\checkpoints\best_model.pth
2025-03-06 08:58:16,531 - __main__ - INFO - Initializing database...
2025-03-06 08:58:17,114 - src.shanduko.database.database - INFO - Database tables created successfully
2025-03-06 08:58:17,126 - __main__ - INFO - Database initialized.
2025-03-06 08:58:17,126 - __main__ - INFO - Starting Shanduko water quality monitoring application...
2025-03-06 08:58:17,127 - __main__ - INFO - Executing: C:\Users\PD\Documents\Shanduko\venv\Scripts\python.exe C:\Users\PD\Documents\Shanduko\run.py --test
2025-03-06 08:58:17,280 - __main__ - INFO - ==================================================
2025-03-06 08:58:17,281 - __main__ - INFO - Starting Shanduko Water Quality Monitoring System
2025-03-06 08:58:17,282 - __main__ - INFO - ==================================================
2025-03-06 08:58:21,481 - __main__ - INFO - All required packages are installed.
2025-03-06 08:58:21,481 - __main__ - INFO - Initializing model...
2025-03-06 08:58:21,482 - __main__ - INFO - Model file already exists at C:\Users\PD\Documents\Shanduko\checkpoints\best_model.pth
2025-03-06 08:58:21,483 - __main__ - INFO - Initializing database...
2025-03-06 08:58:22,100 - src.shanduko.database.database - INFO - Database tables created successfully
2025-03-06 08:58:22,114 - __main__ - INFO - Database initialized.
2025-03-06 08:58:22,114 - __main__ - INFO - Starting Shanduko water quality monitoring application...
2025-03-06 08:58:22,115 - __main__ - INFO - Executing: C:\Users\PD\Documents\Shanduko\venv\Scripts\python.exe C:\Users\PD\Documents\Shanduko\run.py --test
2025-03-06 08:58:22,266 - __main__ - INFO - ==================================================
2025-03-06 08:58:22,266 - __main__ - INFO - Starting Shanduko Water Quality Monitoring System
2025-03-06 08:58:22,267 - __main__ - INFO - ==================================================
2025-03-06 08:58:26,491 - __main__ - INFO - All required packages are installed.
2025-03-06 08:58:26,492 - __main__ - INFO - Initializing model...
2025-03-06 08:58:26,493 - __main__ - INFO - Model file already exists at C:\Users\PD\Documents\Shanduko\checkpoints\best_model.pth
2025-03-06 08:58:26,493 - __main__ - INFO - Initializing database...
2025-03-06 08:58:27,055 - src.shanduko.database.database - INFO - Database tables created successfully
2025-03-06 08:58:27,066 - __main__ - INFO - Database initialized.
2025-03-06 08:58:27,066 - __main__ - INFO - Starting Shanduko water quality monitoring application...
2025-03-06 08:58:27,068 - __main__ - INFO - Executing: C:\Users\PD\Documents\Shanduko\venv\Scripts\python.exe C:\Users\PD\Documents\Shanduko\run.py --test
2025-03-06 08:58:27,243 - __main__ - INFO - ==================================================
2025-03-06 08:58:27,244 - __main__ - INFO - Starting Shanduko Water Quality Monitoring System
2025-03-06 08:58:27,244 - __main__ - INFO - ==================================================
2025-03-06 08:58:31,058 - __main__ - INFO - All required packages are installed.
2025-03-06 08:58:31,059 - __main__ - INFO - Initializing model...
2025-03-06 08:58:31,060 - __main__ - INFO - Model file already exists at C:\Users\PD\Documents\Shanduko\checkpoints\best_model.pth
2025-03-06 08:58:31,061 - __main__ - INFO - Initializing database...
2025-03-06 08:58:31,642 - src.shanduko.database.database - INFO - Database tables created successfully
2025-03-06 08:58:31,653 - __main__ - INFO - Database initialized.
2025-03-06 08:58:31,654 - __main__ - INFO - Starting Shanduko water quality monitoring application...
2025-03-06 08:58:31,655 - __main__ - INFO - Executing: C:\Users\PD\Documents\Shanduko\venv\Scripts\python.exe C:\Users\PD\Documents\Shanduko\run.py --test
2025-03-06 08:58:31,788 - __main__ - INFO - ==================================================
2025-03-06 08:58:31,789 - __main__ - INFO - Starting Shanduko Water Quality Monitoring System
2025-03-06 08:58:31,789 - __main__ - INFO - ==================================================
2025-03-06 08:58:35,589 - __main__ - INFO - All required packages are installed.
2025-03-06 08:58:35,590 - __main__ - INFO - Initializing model...
2025-03-06 08:58:35,591 - __main__ - INFO - Model file already exists at C:\Users\PD\Documents\Shanduko\checkpoints\best_model.pth
2025-03-06 08:58:35,591 - __main__ - INFO - Initializing database...
2025-03-06 08:58:36,186 - src.shanduko.database.database - INFO - Database tables created successfully
2025-03-06 08:58:36,200 - __main__ - INFO - Database initialized.
2025-03-06 08:58:36,200 - __main__ - INFO - Starting Shanduko water quality monitoring application...
2025-03-06 08:58:36,201 - __main__ - INFO - Executing: C:\Users\PD\Documents\Shanduko\venv\Scripts\python.exe C:\Users\PD\Documents\Shanduko\run.py --test
2025-03-06 08:58:36,355 - __main__ - INFO - ==================================================
2025-03-06 08:58:36,356 - __main__ - INFO - Starting Shanduko Water Quality Monitoring System
2025-03-06 08:58:36,357 - __main__ - INFO - ==================================================
2025-03-06 08:58:39,878 - __main__ - INFO - All required packages are installed.
2025-03-06 08:58:39,879 - __main__ - INFO - Initializing model...
2025-03-06 08:58:39,879 - __main__ - INFO - Model file already exists at C:\Users\PD\Documents\Shanduko\checkpoints\best_model.pth
2025-03-06 08:58:39,880 - __main__ - INFO - Initializing database...
2025-03-06 08:58:40,424 - src.shanduko.database.database - INFO - Database tables created successfully
2025-03-06 08:58:40,436 - __main__ - INFO - Database initialized.
2025-03-06 08:58:40,437 - __main__ - INFO - Starting Shanduko water quality monitoring application...
2025-03-06 08:58:40,438 - __main__ - INFO - Executing: C:\Users\PD\Documents\Shanduko\venv\Scripts\python.exe C:\Users\PD\Documents\Shanduko\run.py --test
2025-03-06 08:58:40,594 - __main__ - INFO - ==================================================
2025-03-06 08:58:40,595 - __main__ - INFO - Starting Shanduko Water Quality Monitoring System
2025-03-06 08:58:40,596 - __main__ - INFO - ==================================================
2025-03-06 08:58:44,139 - __main__ - INFO - All required packages are installed.
2025-03-06 08:58:44,140 - __main__ - INFO - Initializing model...
2025-03-06 08:58:44,141 - __main__ - INFO - Model file already exists at C:\Users\PD\Documents\Shanduko\checkpoints\best_model.pth
2025-03-06 08:58:44,141 - __main__ - INFO - Initializing database...
2025-03-06 08:58:44,714 - src.shanduko.database.database - INFO - Database tables created successfully
2025-03-06 08:58:44,723 - __main__ - INFO - Database initialized.
2025-03-06 08:58:44,724 - __main__ - INFO - Starting Shanduko water quality monitoring application...
2025-03-06 08:58:44,724 - __main__ - INFO - Executing: C:\Users\PD\Documents\Shanduko\venv\Scripts\python.exe C:\Users\PD\Documents\Shanduko\run.py --test
2025-03-06 08:58:44,872 - __main__ - INFO - ==================================================
2025-03-06 08:58:44,873 - __main__ - INFO - Starting Shanduko Water Quality Monitoring System
2025-03-06 08:58:44,874 - __main__ - INFO - ==================================================
2025-03-06 08:58:49,084 - __main__ - INFO - All required packages are installed.
2025-03-06 08:58:49,085 - __main__ - INFO - Initializing model...
2025-03-06 08:58:49,086 - __main__ - INFO - Model file already exists at C:\Users\PD\Documents\Shanduko\checkpoints\best_model.pth
2025-03-06 08:58:49,087 - __main__ - INFO - Initializing database...
2025-03-06 08:58:49,713 - src.shanduko.database.database - INFO - Database tables created successfully
2025-03-06 08:58:49,725 - __main__ - INFO - Database initialized.
2025-03-06 08:58:49,725 - __main__ - INFO - Starting Shanduko water quality monitoring application...
2025-03-06 08:58:49,726 - __main__ - INFO - Executing: C:\Users\PD\Documents\Shanduko\venv\Scripts\python.exe C:\Users\PD\Documents\Shanduko\run.py --test
2025-03-06 08:58:49,893 - __main__ - INFO - ==================================================
2025-03-06 08:58:49,894 - __main__ - INFO - Starting Shanduko Water Quality Monitoring System
2025-03-06 08:58:49,895 - __main__ - INFO - ==================================================
2025-03-06 08:58:54,484 - __main__ - INFO - All required packages are installed.
2025-03-06 08:58:54,485 - __main__ - INFO - Initializing model...
2025-03-06 08:58:54,486 - __main__ - INFO - Model file already exists at C:\Users\PD\Documents\Shanduko\checkpoints\best_model.pth
2025-03-06 08:58:54,487 - __main__ - INFO - Initializing database...
2025-03-06 08:58:55,246 - src.shanduko.database.database - INFO - Database tables created successfully
2025-03-06 08:58:55,265 - __main__ - INFO - Database initialized.
2025-03-06 08:58:55,266 - __main__ - INFO - Starting Shanduko water quality monitoring application...
2025-03-06 08:58:55,267 - __main__ - INFO - Executing: C:\Users\PD\Documents\Shanduko\venv\Scripts\python.exe C:\Users\PD\Documents\Shanduko\run.py --test
2025-03-06 08:58:55,456 - __main__ - INFO - ==================================================
2025-03-06 08:58:55,456 - __main__ - INFO - Starting Shanduko Water Quality Monitoring System
2025-03-06 08:58:55,457 - __main__ - INFO - ==================================================
2025-03-06 08:59:00,044 - __main__ - INFO - All required packages are installed.
2025-03-06 08:59:00,044 - __main__ - INFO - Initializing model...
2025-03-06 08:59:00,045 - __main__ - INFO - Model file already exists at C:\Users\PD\Documents\Shanduko\checkpoints\best_model.pth
2025-03-06 08:59:00,046 - __main__ - INFO - Initializing database...
2025-03-06 08:59:00,790 - src.shanduko.database.database - INFO - Database tables created successfully
2025-03-06 08:59:00,804 - __main__ - INFO - Database initialized.
2025-03-06 08:59:00,805 - __main__ - INFO - Starting Shanduko water quality monitoring application...
2025-03-06 08:59:00,805 - __main__ - INFO - Executing: C:\Users\PD\Documents\Shanduko\venv\Scripts\python.exe C:\Users\PD\Documents\Shanduko\run.py --test
2025-03-06 08:59:01,012 - __main__ - INFO - ==================================================
2025-03-06 08:59:01,012 - __main__ - INFO - Starting Shanduko Water Quality Monitoring System
2025-03-06 08:59:01,013 - __main__ - INFO - ==================================================
2025-03-06 08:59:05,159 - __main__ - INFO - All required packages are installed.
2025-03-06 08:59:05,160 - __main__ - INFO - Initializing model...
2025-03-06 08:59:05,161 - __main__ - INFO - Model file already exists at C:\Users\PD\Documents\Shanduko\checkpoints\best_model.pth
2025-03-06 08:59:05,161 - __main__ - INFO - Initializing database...
2025-03-06 08:59:05,720 - src.shanduko.database.database - INFO - Database tables created successfully
2025-03-06 08:59:05,731 - __main__ - INFO - Database initialized.
2025-03-06 08:59:05,731 - __main__ - INFO - Starting Shanduko water quality monitoring application...
2025-03-06 08:59:05,732 - __main__ - INFO - Executing: C:\Users\PD\Documents\Shanduko\venv\Scripts\python.exe C:\Users\PD\Documents\Shanduko\run.py --test
2025-03-06 08:59:05,898 - __main__ - INFO - ==================================================
2025-03-06 08:59:05,899 - __main__ - INFO - Starting Shanduko Water Quality Monitoring System
2025-03-06 08:59:05,900 - __main__ - INFO - ==================================================
2025-03-06 08:59:09,624 - __main__ - INFO - All required packages are installed.
2025-03-06 08:59:09,624 - __main__ - INFO - Initializing model...
2025-03-06 08:59:09,625 - __main__ - INFO - Model file already exists at C:\Users\PD\Documents\Shanduko\checkpoints\best_model.pth
2025-03-06 08:59:09,625 - __main__ - INFO - Initializing database...
2025-03-06 08:59:10,171 - src.shanduko.database.database - INFO - Database tables created successfully
2025-03-06 08:59:10,183 - __main__ - INFO - Database initialized.
2025-03-06 08:59:10,184 - __main__ - INFO - Starting Shanduko water quality monitoring application...
2025-03-06 08:59:10,184 - __main__ - INFO - Executing: C:\Users\PD\Documents\Shanduko\venv\Scripts\python.exe C:\Users\PD\Documents\Shanduko\run.py --test
2025-03-06 08:59:10,312 - __main__ - INFO - ==================================================
2025-03-06 08:59:10,312 - __main__ - INFO - Starting Shanduko Water Quality Monitoring System
2025-03-06 08:59:10,313 - __main__ - INFO - ==================================================
2025-03-06 08:59:13,094 - __main__ - INFO - All required packages are installed.
2025-03-06 08:59:13,094 - __main__ - INFO - Initializing model...
2025-03-06 08:59:13,095 - __main__ - INFO - Model file already exists at C:\Users\PD\Documents\Shanduko\checkpoints\best_model.pth
2025-03-06 08:59:13,095 - __main__ - INFO - Initializing database...
2025-03-06 08:59:13,485 - src.shanduko.database.database - INFO - Database tables created successfully
2025-03-06 08:59:13,492 - __main__ - INFO - Database initialized.
2025-03-06 08:59:13,492 - __main__ - INFO - Starting Shanduko water quality monitoring application...
2025-03-06 08:59:13,493 - __main__ - INFO - Executing: C:\Users\PD\Documents\Shanduko\venv\Scripts\python.exe C:\Users\PD\Documents\Shanduko\run.py --test
2025-03-06 08:59:13,593 - __main__ - INFO - ==================================================
2025-03-06 08:59:13,593 - __main__ - INFO - Starting Shanduko Water Quality Monitoring System
2025-03-06 08:59:13,594 - __main__ - INFO - ==================================================
2025-03-06 08:59:16,452 - __main__ - INFO - All required packages are installed.
2025-03-06 08:59:16,452 - __main__ - INFO - Initializing model...
2025-03-06 08:59:16,453 - __main__ - INFO - Model file already exists at C:\Users\PD\Documents\Shanduko\checkpoints\best_model.pth
2025-03-06 08:59:16,453 - __main__ - INFO - Initializing database...
2025-03-06 08:59:16,843 - src.shanduko.database.database - INFO - Database tables created successfully
2025-03-06 08:59:16,850 - __main__ - INFO - Database initialized.
2025-03-06 08:59:16,850 - __main__ - INFO - Starting Shanduko water quality monitoring application...
2025-03-06 08:59:16,851 - __main__ - INFO - Executing: C:\Users\PD\Documents\Shanduko\venv\Scripts\python.exe C:\Users\PD\Documents\Shanduko\run.py --test
2025-03-06 08:59:16,975 - __main__ - INFO - ==================================================
2025-03-06 08:59:16,976 - __main__ - INFO - Starting Shanduko Water Quality Monitoring System
2025-03-06 08:59:16,976 - __main__ - INFO - ==================================================
2025-03-06 08:59:19,634 - __main__ - INFO - All required packages are installed.
2025-03-06 08:59:19,634 - __main__ - INFO - Initializing model...
2025-03-06 08:59:19,635 - __main__ - INFO - Model file already exists at C:\Users\PD\Documents\Shanduko\checkpoints\best_model.pth
2025-03-06 08:59:19,635 - __main__ - INFO - Initializing database...
2025-03-06 08:59:20,024 - src.shanduko.database.database - INFO - Database tables created successfully
2025-03-06 08:59:20,033 - __main__ - INFO - Database initialized.
2025-03-06 08:59:20,034 - __main__ - INFO - Starting Shanduko water quality monitoring application...
2025-03-06 08:59:20,035 - __main__ - INFO - Executing: C:\Users\PD\Documents\Shanduko\venv\Scripts\python.exe C:\Users\PD\Documents\Shanduko\run.py --test
2025-03-06 08:59:20,145 - __main__ - INFO - ==================================================
2025-03-06 08:59:20,145 - __main__ - INFO - Starting Shanduko Water Quality Monitoring System
2025-03-06 08:59:20,146 - __main__ - INFO - ==================================================
2025-03-06 08:59:22,820 - __main__ - INFO - All required packages are installed.
2025-03-06 08:59:22,821 - __main__ - INFO - Initializing model...
2025-03-06 08:59:22,822 - __main__ - INFO - Model file already exists at C:\Users\PD\Documents\Shanduko\checkpoints\best_model.pth
2025-03-06 08:59:22,822 - __main__ - INFO - Initializing database...
2025-03-06 08:59:23,396 - src.shanduko.database.database - INFO - Database tables created successfully
2025-03-06 08:59:23,408 - __main__ - INFO - Database initialized.
2025-03-06 08:59:23,409 - __main__ - INFO - Starting Shanduko water quality monitoring application...
2025-03-06 08:59:23,410 - __main__ - INFO - Executing: C:\Users\PD\Documents\Shanduko\venv\Scripts\python.exe C:\Users\PD\Documents\Shanduko\run.py --test
2025-03-06 08:59:23,553 - __main__ - INFO - ==================================================
2025-03-06 08:59:23,554 - __main__ - INFO - Starting Shanduko Water Quality Monitoring System
2025-03-06 08:59:23,555 - __main__ - INFO - ==================================================
2025-03-06 08:59:26,474 - __main__ - INFO - All required packages are installed.
2025-03-06 08:59:26,475 - __main__ - INFO - Initializing model...
2025-03-06 08:59:26,476 - __main__ - INFO - Model file already exists at C:\Users\PD\Documents\Shanduko\checkpoints\best_model.pth
2025-03-06 08:59:26,476 - __main__ - INFO - Initializing database...
2025-03-06 08:59:26,905 - src.shanduko.database.database - INFO - Database tables created successfully
2025-03-06 08:59:26,913 - __main__ - INFO - Database initialized.
2025-03-06 08:59:26,913 - __main__ - INFO - Starting Shanduko water quality monitoring application...
2025-03-06 08:59:26,914 - __main__ - INFO - Executing: C:\Users\PD\Documents\Shanduko\venv\Scripts\python.exe C:\Users\PD\Documents\Shanduko\run.py --test
2025-03-06 08:59:27,019 - __main__ - INFO - ==================================================
2025-03-06 08:59:27,020 - __main__ - INFO - Starting Shanduko Water Quality Monitoring System
2025-03-06 08:59:27,021 - __main__ - INFO - ==================================================
2025-03-06 08:59:29,722 - __main__ - INFO - All required packages are installed.
2025-03-06 08:59:29,723 - __main__ - INFO - Initializing model...
2025-03-06 08:59:29,723 - __main__ - INFO - Model file already exists at C:\Users\PD\Documents\Shanduko\checkpoints\best_model.pth
2025-03-06 08:59:29,724 - __main__ - INFO - Initializing database...
2025-03-06 08:59:30,152 - src.shanduko.database.database - INFO - Database tables created successfully
2025-03-06 08:59:30,160 - __main__ - INFO - Database initialized.
2025-03-06 08:59:30,161 - __main__ - INFO - Starting Shanduko water quality monitoring application...
2025-03-06 08:59:30,161 - __main__ - INFO - Executing: C:\Users\PD\Documents\Shanduko\venv\Scripts\python.exe C:\Users\PD\Documents\Shanduko\run.py --test
2025-03-06 08:59:30,265 - __main__ - INFO - ==================================================
2025-03-06 08:59:30,266 - __main__ - INFO - Starting Shanduko Water Quality Monitoring System
2025-03-06 08:59:30,266 - __main__ - INFO - ==================================================
2025-03-06 08:59:33,133 - __main__ - INFO - All required packages are installed.
2025-03-06 08:59:33,133 - __main__ - INFO - Initializing model...
2025-03-06 08:59:33,134 - __main__ - INFO - Model file already exists at C:\Users\PD\Documents\Shanduko\checkpoints\best_model.pth
2025-03-06 08:59:33,134 - __main__ - INFO - Initializing database...
2025-03-06 08:59:33,516 - src.shanduko.database.database - INFO - Database tables created successfully
2025-03-06 08:59:33,526 - __main__ - INFO - Database initialized.
2025-03-06 08:59:33,527 - __main__ - INFO - Starting Shanduko water quality monitoring application...
2025-03-06 08:59:33,528 - __main__ - INFO - Executing: C:\Users\PD\Documents\Shanduko\venv\Scripts\python.exe C:\Users\PD\Documents\Shanduko\run.py --test
2025-03-06 08:59:33,627 - __main__ - INFO - ==================================================
2025-03-06 08:59:33,627 - __main__ - INFO - Starting Shanduko Water Quality Monitoring System
2025-03-06 08:59:33,628 - __main__ - INFO - ==================================================
2025-03-06 08:59:37,250 - __main__ - INFO - All required packages are installed.
2025-03-06 08:59:37,251 - __main__ - INFO - Initializing model...
2025-03-06 08:59:37,252 - __main__ - INFO - Model file already exists at C:\Users\PD\Documents\Shanduko\checkpoints\best_model.pth
2025-03-06 08:59:37,252 - __main__ - INFO - Initializing database...
2025-03-06 08:59:37,697 - src.shanduko.database.database - INFO - Database tables created successfully
2025-03-06 08:59:37,706 - __main__ - INFO - Database initialized.
2025-03-06 08:59:37,706 - __main__ - INFO - Starting Shanduko water quality monitoring application...
2025-03-06 08:59:37,707 - __main__ - INFO - Executing: C:\Users\PD\Documents\Shanduko\venv\Scripts\python.exe C:\Users\PD\Documents\Shanduko\run.py --test
2025-03-06 08:59:37,811 - __main__ - INFO - ==================================================
2025-03-06 08:59:37,812 - __main__ - INFO - Starting Shanduko Water Quality Monitoring System
2025-03-06 08:59:37,812 - __main__ - INFO - ==================================================
2025-03-06 08:59:40,575 - __main__ - INFO - All required packages are installed.
2025-03-06 08:59:40,575 - __main__ - INFO - Initializing model...
2025-03-06 08:59:40,576 - __main__ - INFO - Model file already exists at C:\Users\PD\Documents\Shanduko\checkpoints\best_model.pth
2025-03-06 08:59:40,577 - __main__ - INFO - Initializing database...
2025-03-06 08:59:40,998 - src.shanduko.database.database - INFO - Database tables created successfully
2025-03-06 08:59:41,006 - __main__ - INFO - Database initialized.
2025-03-06 08:59:41,007 - __main__ - INFO - Starting Shanduko water quality monitoring application...
2025-03-06 08:59:41,007 - __main__ - INFO - Executing: C:\Users\PD\Documents\Shanduko\venv\Scripts\python.exe C:\Users\PD\Documents\Shanduko\run.py --test
2025-03-06 08:59:41,110 - __main__ - INFO - ==================================================
2025-03-06 08:59:41,111 - __main__ - INFO - Starting Shanduko Water Quality Monitoring System
2025-03-06 08:59:41,112 - __main__ - INFO - ==================================================
2025-03-06 08:59:44,307 - __main__ - INFO - All required packages are installed.
2025-03-06 08:59:44,307 - __main__ - INFO - Initializing model...
2025-03-06 08:59:44,308 - __main__ - INFO - Model file already exists at C:\Users\PD\Documents\Shanduko\checkpoints\best_model.pth
2025-03-06 08:59:44,309 - __main__ - INFO - Initializing database...
2025-03-06 08:59:44,737 - src.shanduko.database.database - INFO - Database tables created successfully
2025-03-06 08:59:44,745 - __main__ - INFO - Database initialized.
2025-03-06 08:59:44,745 - __main__ - INFO - Starting Shanduko water quality monitoring application...
2025-03-06 08:59:44,746 - __main__ - INFO - Executing: C:\Users\PD\Documents\Shanduko\venv\Scripts\python.exe C:\Users\PD\Documents\Shanduko\run.py --test
2025-03-06 08:59:44,874 - __main__ - INFO - ==================================================
2025-03-06 08:59:44,875 - __main__ - INFO - Starting Shanduko Water Quality Monitoring System
2025-03-06 08:59:44,876 - __main__ - INFO - ==================================================
2025-03-06 08:59:47,788 - __main__ - INFO - All required packages are installed.
2025-03-06 08:59:47,789 - __main__ - INFO - Initializing model...
2025-03-06 08:59:47,790 - __main__ - INFO - Model file already exists at C:\Users\PD\Documents\Shanduko\checkpoints\best_model.pth
2025-03-06 08:59:47,791 - __main__ - INFO - Initializing database...
2025-03-06 08:59:48,205 - src.shanduko.database.database - INFO - Database tables created successfully
2025-03-06 08:59:48,212 - __main__ - INFO - Database initialized.
2025-03-06 08:59:48,213 - __main__ - INFO - Starting Shanduko water quality monitoring application...
2025-03-06 08:59:48,214 - __main__ - INFO - Executing: C:\Users\PD\Documents\Shanduko\venv\Scripts\python.exe C:\Users\PD\Documents\Shanduko\run.py --test
2025-03-06 08:59:48,319 - __main__ - INFO - ==================================================
2025-03-06 08:59:48,319 - __main__ - INFO - Starting Shanduko Water Quality Monitoring System
2025-03-06 08:59:48,320 - __main__ - INFO - ==================================================
2025-03-06 08:59:48,991 - __main__ - INFO - ==================================================
2025-03-06 08:59:48,992 - __main__ - INFO - Starting Shanduko Water Quality Monitoring System
2025-03-06 08:59:48,993 - __main__ - INFO - ==================================================
2025-03-06 08:59:51,946 - __main__ - INFO - All required packages are installed.
2025-03-06 08:59:51,947 - __main__ - INFO - Initializing model...
2025-03-06 08:59:51,947 - __main__ - INFO - Model file already exists at C:\Users\PD\Documents\Shanduko\checkpoints\best_model.pth
2025-03-06 08:59:51,948 - __main__ - INFO - Initializing database...
2025-03-06 08:59:52,491 - src.shanduko.database.database - INFO - Database tables created successfully
2025-03-06 08:59:52,502 - __main__ - INFO - Database initialized.
2025-03-06 08:59:52,503 - __main__ - INFO - Starting Shanduko water quality monitoring application...
2025-03-06 08:59:52,503 - __main__ - INFO - Executing: C:\Users\PD\Documents\Shanduko\venv\Scripts\python.exe C:\Users\PD\Documents\Shanduko\run.py --test
2025-03-06 08:59:52,631 - __main__ - INFO - ==================================================
2025-03-06 08:59:52,631 - __main__ - INFO - Starting Shanduko Water Quality Monitoring System
2025-03-06 08:59:52,632 - __main__ - INFO - ==================================================
2025-03-06 08:59:52,700 - __main__ - INFO - All required packages are installed.
2025-03-06 08:59:52,701 - __main__ - INFO - Initializing model...
2025-03-06 08:59:52,702 - __main__ - INFO - Model file already exists at C:\Users\PD\Documents\Shanduko\checkpoints\best_model.pth
2025-03-06 08:59:52,702 - __main__ - INFO - Initializing database...
2025-03-06 08:59:53,232 - src.shanduko.database.database - INFO - Database tables created successfully
2025-03-06 08:59:53,243 - __main__ - INFO - Database initialized.
2025-03-06 08:59:53,243 - __main__ - INFO - Starting Shanduko water quality monitoring application...
2025-03-06 08:59:53,244 - __main__ - INFO - Executing: C:\Users\PD\Documents\Shanduko\venv\Scripts\python.exe C:\Users\PD\Documents\Shanduko\run.py --test
2025-03-06 08:59:53,405 - __main__ - INFO - ==================================================
2025-03-06 08:59:53,406 - __main__ - INFO - Starting Shanduko Water Quality Monitoring System
2025-03-06 08:59:53,406 - __main__ - INFO - ==================================================
2025-03-06 08:59:56,491 - __main__ - INFO - All required packages are installed.
2025-03-06 08:59:56,492 - __main__ - INFO - Initializing model...
2025-03-06 08:59:56,493 - __main__ - INFO - Model file already exists at C:\Users\PD\Documents\Shanduko\checkpoints\best_model.pth
2025-03-06 08:59:56,493 - __main__ - INFO - Initializing database...
2025-03-06 08:59:57,008 - src.shanduko.database.database - INFO - Database tables created successfully
2025-03-06 08:59:57,018 - __main__ - INFO - Database initialized.
2025-03-06 08:59:57,018 - __main__ - INFO - Starting Shanduko water quality monitoring application...
2025-03-06 08:59:57,020 - __main__ - INFO - Executing: C:\Users\PD\Documents\Shanduko\venv\Scripts\python.exe C:\Users\PD\Documents\Shanduko\run.py --test
2025-03-06 08:59:57,170 - __main__ - INFO - ==================================================
2025-03-06 08:59:57,171 - __main__ - INFO - Starting Shanduko Water Quality Monitoring System
2025-03-06 08:59:57,172 - __main__ - INFO - ==================================================
2025-03-06 08:59:57,269 - __main__ - INFO - All required packages are installed.
2025-03-06 08:59:57,269 - __main__ - INFO - Initializing model...
2025-03-06 08:59:57,271 - __main__ - INFO - Model file already exists at C:\Users\PD\Documents\Shanduko\checkpoints\best_model.pth
2025-03-06 08:59:57,271 - __main__ - INFO - Initializing database...
2025-03-06 08:59:57,970 - src.shanduko.database.database - INFO - Database tables created successfully
2025-03-06 08:59:57,986 - __main__ - INFO - Database initialized.
2025-03-06 08:59:57,987 - __main__ - INFO - Starting Shanduko water quality monitoring application...
2025-03-06 08:59:57,988 - __main__ - INFO - Executing: C:\Users\PD\Documents\Shanduko\venv\Scripts\python.exe C:\Users\PD\Documents\Shanduko\run.py --test
